<?xml version="1.0" encoding="UTF-8"?>
<!-- Generated by org.testng.reporters.JUnitReportReporter -->
<testsuite ignored="0" hostname="DESKTOP-QLJEO47" failures="0" tests="1" name="test.TestSel" time="8.727" errors="0" timestamp="01 abr. 2022 03:52:15 GMT" skipped="0">
  <testcase classname="test.TestSel" name="selenium_test01" time="8.727"/>
</testsuite> <!-- test.TestSel -->
